N E X T F L O W  ~  version 21.10.0
Launching `/app/workflows_user/feature_based_molecular_networking_workflow/nf_workflow.nf` [clever_albattani] - revision: 7e0a32c1a8
[-        ] process > filesummary                    -
[-        ] process > quantification_table_reform... -
[-        ] process > filter_spectra                 -
[-        ] process > librarySearchData              -
[-        ] process > librarymergeResults            -

[-        ] process > filesummary                    -
[-        ] process > quantification_table_reform... -
[-        ] process > filter_spectra                 -
[-        ] process > librarySearchData              -
[-        ] process > librarymergeResults            -
[-        ] process > summaryLibrary                 -
[-        ] process > librarygetGNPSAnnotations      -
[-        ] process > networkingGNPSPrepParams       -
[-        ] process > calculatePairs                 -
[-        ] process > filterNetwork                  -
[-        ] process > createMetadataFile             -
[-        ] process > calculateGroupings             -
[-        ] process > enrichClusterSummary           -
[-        ] process > createNetworkGraphML           -

executor >  local (6)
[-        ] process > filesummary                    [  0%] 0 of 1
[-        ] process > quantification_table_reform... [  0%] 0 of 1
[-        ] process > filter_spectra                 -
[-        ] process > librarySearchData              -
[-        ] process > librarymergeResults            -
[b3/b2edf9] process > summaryLibrary (4)             [  0%] 0 of 36
[-        ] process > librarygetGNPSAnnotations      -
[-        ] process > networkingGNPSPrepParams       -
[-        ] process > calculatePairs                 -
[-        ] process > filterNetwork                  -
[-        ] process > createMetadataFile             [  0%] 0 of 1
[-        ] process > calculateGroupings             -
[-        ] process > enrichClusterSummary           -
[-        ] process > createNetworkGraphML           -

executor >  local (25)
[-        ] process > filesummary                    [  0%] 0 of 1
[-        ] process > quantification_table_reform... [  0%] 0 of 1
[-        ] process > filter_spectra                 -
[-        ] process > librarySearchData              -
[-        ] process > librarymergeResults            -
[59/f824af] process > summaryLibrary (7)             [  0%] 0 of 60
[-        ] process > librarygetGNPSAnnotations      -
[-        ] process > networkingGNPSPrepParams       -
[-        ] process > calculatePairs                 -
[-        ] process > filterNetwork                  -
[cd/87c6d0] process > createMetadataFile             [  0%] 0 of 1
[-        ] process > calculateGroupings             -
[-        ] process > enrichClusterSummary           -
[-        ] process > createNetworkGraphML           -

executor >  local (45)
[8d/10e17f] process > filesummary (1)                [  0%] 0 of 1
[fb/788aec] process > quantification_table_reform... [  0%] 0 of 1
[-        ] process > filter_spectra                 -
[-        ] process > librarySearchData              -
[-        ] process > librarymergeResults            -
[27/c25cd2] process > summaryLibrary (26)            [  0%] 0 of 60
[-        ] process > librarygetGNPSAnnotations      -
[-        ] process > networkingGNPSPrepParams       -
[-        ] process > calculatePairs                 -
[-        ] process > filterNetwork                  -
[cd/87c6d0] process > createMetadataFile             [  0%] 0 of 1
[-        ] process > calculateGroupings             -
[-        ] process > enrichClusterSummary           -
[-        ] process > createNetworkGraphML           -

executor >  local (57)
[8d/10e17f] process > filesummary (1)                [  0%] 0 of 1
[fb/788aec] process > quantification_table_reform... [  0%] 0 of 1
[-        ] process > filter_spectra                 -
[-        ] process > librarySearchData              -
[-        ] process > librarymergeResults            -
[69/97f24b] process > summaryLibrary (22)            [  0%] 0 of 60
[-        ] process > librarygetGNPSAnnotations      -
[-        ] process > networkingGNPSPrepParams       -
[-        ] process > calculatePairs                 -
[-        ] process > filterNetwork                  -
[cd/87c6d0] process > createMetadataFile             [  0%] 0 of 1
[-        ] process > calculateGroupings             -
[-        ] process > enrichClusterSummary           -
[-        ] process > createNetworkGraphML           -

executor >  local (62)
[8d/10e17f] process > filesummary (1)                [  0%] 0 of 1
[fb/788aec] process > quantification_table_reform... [  0%] 0 of 1
[-        ] process > filter_spectra                 -
[-        ] process > librarySearchData              -
[-        ] process > librarymergeResults            -
[1a/a5a262] process > summaryLibrary (30)            [  0%] 0 of 60
[-        ] process > librarygetGNPSAnnotations      -
[-        ] process > networkingGNPSPrepParams       -
[-        ] process > calculatePairs                 -
[-        ] process > filterNetwork                  -
[cd/87c6d0] process > createMetadataFile             [  0%] 0 of 1
[-        ] process > calculateGroupings             -
[-        ] process > enrichClusterSummary           -
[-        ] process > createNetworkGraphML           -

executor >  local (63)
[8d/10e17f] process > filesummary (1)                [  0%] 0 of 1
[fb/788aec] process > quantification_table_reform... [  0%] 0 of 1
[-        ] process > filter_spectra                 -
[-        ] process > librarySearchData              -
[-        ] process > librarymergeResults            -
[c4/256723] process > summaryLibrary (54)            [  0%] 0 of 60
[-        ] process > librarygetGNPSAnnotations      -
[-        ] process > networkingGNPSPrepParams       -
[-        ] process > calculatePairs                 -
[-        ] process > filterNetwork                  -
[cd/87c6d0] process > createMetadataFile             [  0%] 0 of 1
[-        ] process > calculateGroupings             -
[-        ] process > enrichClusterSummary           -
[-        ] process > createNetworkGraphML           -

executor >  local (63)
[8d/10e17f] process > filesummary (1)                [  0%] 0 of 1
[fb/788aec] process > quantification_table_reform... [  0%] 0 of 1
[-        ] process > filter_spectra                 -
[-        ] process > librarySearchData              -
[-        ] process > librarymergeResults            -
[ff/dbe40e] process > summaryLibrary (58)            [  8%] 5 of 60
[-        ] process > librarygetGNPSAnnotations      -
[-        ] process > networkingGNPSPrepParams       -
[-        ] process > calculatePairs                 -
[-        ] process > filterNetwork                  -
[cd/87c6d0] process > createMetadataFile             [  0%] 0 of 1
[-        ] process > calculateGroupings             -
[-        ] process > enrichClusterSummary           -
[-        ] process > createNetworkGraphML           -

executor >  local (63)
[8d/10e17f] process > filesummary (1)                [  0%] 0 of 1
[fb/788aec] process > quantification_table_reform... [  0%] 0 of 1
[-        ] process > filter_spectra                 -
[-        ] process > librarySearchData              -
[-        ] process > librarymergeResults            -
[7d/e989b9] process > summaryLibrary (40)            [ 18%] 11 of 60
[-        ] process > librarygetGNPSAnnotations      -
[-        ] process > networkingGNPSPrepParams       -
[-        ] process > calculatePairs                 -
[-        ] process > filterNetwork                  -
[cd/87c6d0] process > createMetadataFile             [100%] 1 of 1 ✔
[-        ] process > calculateGroupings             -
[-        ] process > enrichClusterSummary           -
[-        ] process > createNetworkGraphML           -

executor >  local (63)
[8d/10e17f] process > filesummary (1)                [  0%] 0 of 1
[fb/788aec] process > quantification_table_reform... [  0%] 0 of 1
[-        ] process > filter_spectra                 -
[-        ] process > librarySearchData              -
[-        ] process > librarymergeResults            -
[aa/f3169e] process > summaryLibrary (50)            [ 45%] 27 of 60
[-        ] process > librarygetGNPSAnnotations      -
[-        ] process > networkingGNPSPrepParams       -
[-        ] process > calculatePairs                 -
[-        ] process > filterNetwork                  -
[cd/87c6d0] process > createMetadataFile             [100%] 1 of 1 ✔
[-        ] process > calculateGroupings             -
[-        ] process > enrichClusterSummary           -
[-        ] process > createNetworkGraphML           -

executor >  local (63)
[8d/10e17f] process > filesummary (1)                [  0%] 0 of 1
[fb/788aec] process > quantification_table_reform... [  0%] 0 of 1
[-        ] process > filter_spectra                 -
[-        ] process > librarySearchData              -
[-        ] process > librarymergeResults            -
[f7/1c7432] process > summaryLibrary (46)            [ 71%] 43 of 60
[-        ] process > librarygetGNPSAnnotations      -
[-        ] process > networkingGNPSPrepParams       -
[-        ] process > calculatePairs                 -
[-        ] process > filterNetwork                  -
[cd/87c6d0] process > createMetadataFile             [100%] 1 of 1 ✔
[-        ] process > calculateGroupings             -
[-        ] process > enrichClusterSummary           -
[-        ] process > createNetworkGraphML           -

executor >  local (65)
[8d/10e17f] process > filesummary (1)                [100%] 1 of 1 ✔
[fb/788aec] process > quantification_table_reform... [100%] 1 of 1 ✔
[bd/21bc7f] process > filter_spectra (1)             [  0%] 0 of 1
[-        ] process > librarySearchData              -
[-        ] process > librarymergeResults            -
[17/ebad8b] process > summaryLibrary (32)            [ 80%] 48 of 60
[-        ] process > librarygetGNPSAnnotations      -
[-        ] process > networkingGNPSPrepParams       -
[-        ] process > calculatePairs                 -
[-        ] process > filterNetwork                  -
[cd/87c6d0] process > createMetadataFile             [100%] 1 of 1 ✔
[7e/4056af] process > calculateGroupings (1)         [  0%] 0 of 1
[-        ] process > enrichClusterSummary           -
[-        ] process > createNetworkGraphML           -

executor >  local (65)
[8d/10e17f] process > filesummary (1)                [100%] 1 of 1 ✔
[fb/788aec] process > quantification_table_reform... [100%] 1 of 1 ✔
[bd/21bc7f] process > filter_spectra (1)             [  0%] 0 of 1
[-        ] process > librarySearchData              -
[-        ] process > librarymergeResults            -
[d7/755d8d] process > summaryLibrary (55)            [ 88%] 53 of 60
[-        ] process > librarygetGNPSAnnotations      -
[-        ] process > networkingGNPSPrepParams       -
[-        ] process > calculatePairs                 -
[-        ] process > filterNetwork                  -
[cd/87c6d0] process > createMetadataFile             [100%] 1 of 1 ✔
[7e/4056af] process > calculateGroupings (1)         [  0%] 0 of 1
[-        ] process > enrichClusterSummary           -
[-        ] process > createNetworkGraphML           -

executor >  local (65)
[8d/10e17f] process > filesummary (1)                [100%] 1 of 1 ✔
[fb/788aec] process > quantification_table_reform... [100%] 1 of 1 ✔
[bd/21bc7f] process > filter_spectra (1)             [  0%] 0 of 1
[-        ] process > librarySearchData              -
[-        ] process > librarymergeResults            -
[f9/567584] process > summaryLibrary (35)            [ 91%] 55 of 60
[-        ] process > librarygetGNPSAnnotations      -
[-        ] process > networkingGNPSPrepParams       -
[-        ] process > calculatePairs                 -
[-        ] process > filterNetwork                  -
[cd/87c6d0] process > createMetadataFile             [100%] 1 of 1 ✔
[7e/4056af] process > calculateGroupings (1)         [  0%] 0 of 1
[-        ] process > enrichClusterSummary           -
[-        ] process > createNetworkGraphML           -

executor >  local (65)
[8d/10e17f] process > filesummary (1)                [100%] 1 of 1 ✔
[fb/788aec] process > quantification_table_reform... [100%] 1 of 1 ✔
[bd/21bc7f] process > filter_spectra (1)             [  0%] 0 of 1
[-        ] process > librarySearchData              -
[-        ] process > librarymergeResults            -
[30/899265] process > summaryLibrary (9)             [ 93%] 56 of 60
[-        ] process > librarygetGNPSAnnotations      -
[-        ] process > networkingGNPSPrepParams       -
[-        ] process > calculatePairs                 -
[-        ] process > filterNetwork                  -
[cd/87c6d0] process > createMetadataFile             [100%] 1 of 1 ✔
[7e/4056af] process > calculateGroupings (1)         [  0%] 0 of 1
[-        ] process > enrichClusterSummary           -
[-        ] process > createNetworkGraphML           -

executor >  local (65)
[8d/10e17f] process > filesummary (1)                [100%] 1 of 1 ✔
[fb/788aec] process > quantification_table_reform... [100%] 1 of 1 ✔
[bd/21bc7f] process > filter_spectra (1)             [  0%] 0 of 1
[-        ] process > librarySearchData              -
[-        ] process > librarymergeResults            -
[0e/03df16] process > summaryLibrary (49)            [ 95%] 57 of 60
[-        ] process > librarygetGNPSAnnotations      -
[-        ] process > networkingGNPSPrepParams       -
[-        ] process > calculatePairs                 -
[-        ] process > filterNetwork                  -
[cd/87c6d0] process > createMetadataFile             [100%] 1 of 1 ✔
[7e/4056af] process > calculateGroupings (1)         [  0%] 0 of 1
[-        ] process > enrichClusterSummary           -
[-        ] process > createNetworkGraphML           -

executor >  local (65)
[8d/10e17f] process > filesummary (1)                [100%] 1 of 1 ✔
[fb/788aec] process > quantification_table_reform... [100%] 1 of 1 ✔
[bd/21bc7f] process > filter_spectra (1)             [  0%] 0 of 1
[-        ] process > librarySearchData              -
[-        ] process > librarymergeResults            -
[1a/a5a262] process > summaryLibrary (30)            [ 96%] 58 of 60
[-        ] process > librarygetGNPSAnnotations      -
[-        ] process > networkingGNPSPrepParams       -
[-        ] process > calculatePairs                 -
[-        ] process > filterNetwork                  -
[cd/87c6d0] process > createMetadataFile             [100%] 1 of 1 ✔
[7e/4056af] process > calculateGroupings (1)         [  0%] 0 of 1
[-        ] process > enrichClusterSummary           -
[-        ] process > createNetworkGraphML           -

executor >  local (65)
[8d/10e17f] process > filesummary (1)                [100%] 1 of 1 ✔
[fb/788aec] process > quantification_table_reform... [100%] 1 of 1 ✔
[bd/21bc7f] process > filter_spectra (1)             [100%] 1 of 1 ✔
[-        ] process > librarySearchData              -
[-        ] process > librarymergeResults            -
[fd/4b954d] process > summaryLibrary (31)            [ 98%] 59 of 60
[-        ] process > librarygetGNPSAnnotations      -
[-        ] process > networkingGNPSPrepParams       -
[-        ] process > calculatePairs                 -
[-        ] process > filterNetwork                  -
[cd/87c6d0] process > createMetadataFile             [100%] 1 of 1 ✔
[7e/4056af] process > calculateGroupings (1)         [  0%] 0 of 1
[-        ] process > enrichClusterSummary           -
[-        ] process > createNetworkGraphML           -

executor >  local (78)
[8d/10e17f] process > filesummary (1)                [100%] 1 of 1 ✔
[fb/788aec] process > quantification_table_reform... [100%] 1 of 1 ✔
[bd/21bc7f] process > filter_spectra (1)             [100%] 1 of 1 ✔
[8e/a75fbd] process > librarySearchData (8)          [  0%] 0 of 60
[-        ] process > librarymergeResults            -
[fd/4b954d] process > summaryLibrary (31)            [ 98%] 59 of 60
[-        ] process > librarygetGNPSAnnotations      -
[04/f20d39] process > networkingGNPSPrepParams (1)   [  0%] 0 of 1
[-        ] process > calculatePairs                 -
[-        ] process > filterNetwork                  -
[cd/87c6d0] process > createMetadataFile             [100%] 1 of 1 ✔
[7e/4056af] process > calculateGroupings (1)         [  0%] 0 of 1
[-        ] process > enrichClusterSummary           -
[-        ] process > createNetworkGraphML           -

executor >  local (103)
[8d/10e17f] process > filesummary (1)                [100%] 1 of 1 ✔
[fb/788aec] process > quantification_table_reform... [100%] 1 of 1 ✔
[bd/21bc7f] process > filter_spectra (1)             [100%] 1 of 1 ✔
[19/39b6c7] process > librarySearchData (41)         [  0%] 0 of 60
[-        ] process > librarymergeResults            -
[fd/4b954d] process > summaryLibrary (31)            [ 98%] 59 of 60
[-        ] process > librarygetGNPSAnnotations      -
[04/f20d39] process > networkingGNPSPrepParams (1)   [  0%] 0 of 1
[-        ] process > calculatePairs                 -
[-        ] process > filterNetwork                  -
[cd/87c6d0] process > createMetadataFile             [100%] 1 of 1 ✔
[7e/4056af] process > calculateGroupings (1)         [  0%] 0 of 1
[-        ] process > enrichClusterSummary           -
[-        ] process > createNetworkGraphML           -

executor >  local (124)
[8d/10e17f] process > filesummary (1)                [100%] 1 of 1 ✔
[fb/788aec] process > quantification_table_reform... [100%] 1 of 1 ✔
[bd/21bc7f] process > filter_spectra (1)             [100%] 1 of 1 ✔
[84/8c1340] process > librarySearchData (7)          [  0%] 0 of 60
[-        ] process > librarymergeResults            -
[fd/4b954d] process > summaryLibrary (31)            [ 98%] 59 of 60
[-        ] process > librarygetGNPSAnnotations      -
[04/f20d39] process > networkingGNPSPrepParams (1)   [  0%] 0 of 1
[-        ] process > calculatePairs                 -
[-        ] process > filterNetwork                  -
[cd/87c6d0] process > createMetadataFile             [100%] 1 of 1 ✔
[7e/4056af] process > calculateGroupings (1)         [  0%] 0 of 1
[-        ] process > enrichClusterSummary           -
[-        ] process > createNetworkGraphML           -

executor >  local (126)
[8d/10e17f] process > filesummary (1)                [100%] 1 of 1 ✔
[fb/788aec] process > quantification_table_reform... [100%] 1 of 1 ✔
[bd/21bc7f] process > filter_spectra (1)             [100%] 1 of 1 ✔
[1c/49c270] process > librarySearchData (26)         [  0%] 0 of 60
[-        ] process > librarymergeResults            -
[fd/4b954d] process > summaryLibrary (31)            [ 98%] 59 of 60
[-        ] process > librarygetGNPSAnnotations      -
[04/f20d39] process > networkingGNPSPrepParams (1)   [  0%] 0 of 1
[-        ] process > calculatePairs                 -
[-        ] process > filterNetwork                  -
[cd/87c6d0] process > createMetadataFile             [100%] 1 of 1 ✔
[7e/4056af] process > calculateGroupings (1)         [  0%] 0 of 1
[-        ] process > enrichClusterSummary           -
[-        ] process > createNetworkGraphML           -

executor >  local (129)
[8d/10e17f] process > filesummary (1)                [100%] 1 of 1 ✔
[fb/788aec] process > quantification_table_reform... [100%] 1 of 1 ✔
[bd/21bc7f] process > filter_spectra (1)             [100%] 1 of 1 ✔
[1c/49c270] process > librarySearchData (26)         [  0%] 0 of 60
[-        ] process > librarymergeResults            -
[fd/4b954d] process > summaryLibrary (31)            [ 98%] 59 of 60
[-        ] process > librarygetGNPSAnnotations      -
[04/f20d39] process > networkingGNPSPrepParams (1)   [100%] 1 of 1 ✔
[cb/9c3b73] process > calculatePairs (4)             [  0%] 0 of 4
[-        ] process > filterNetwork                  -
[cd/87c6d0] process > createMetadataFile             [100%] 1 of 1 ✔
[7e/4056af] process > calculateGroupings (1)         [  0%] 0 of 1
[-        ] process > enrichClusterSummary           -
[-        ] process > createNetworkGraphML           -

executor >  local (130)
[8d/10e17f] process > filesummary (1)                [100%] 1 of 1 ✔
[fb/788aec] process > quantification_table_reform... [100%] 1 of 1 ✔
[bd/21bc7f] process > filter_spectra (1)             [100%] 1 of 1 ✔
[1c/49c270] process > librarySearchData (26)         [  0%] 0 of 60
[-        ] process > librarymergeResults            -
[fd/4b954d] process > summaryLibrary (31)            [ 98%] 59 of 60
[-        ] process > librarygetGNPSAnnotations      -
[04/f20d39] process > networkingGNPSPrepParams (1)   [100%] 1 of 1 ✔
[4d/321b90] process > calculatePairs (2)             [  0%] 0 of 4
[-        ] process > filterNetwork                  -
[cd/87c6d0] process > createMetadataFile             [100%] 1 of 1 ✔
[7e/4056af] process > calculateGroupings (1)         [  0%] 0 of 1
[-        ] process > enrichClusterSummary           -
[-        ] process > createNetworkGraphML           -

executor >  local (130)
[8d/10e17f] process > filesummary (1)                [100%] 1 of 1 ✔
[fb/788aec] process > quantification_table_reform... [100%] 1 of 1 ✔
[bd/21bc7f] process > filter_spectra (1)             [100%] 1 of 1 ✔
[1c/49c270] process > librarySearchData (26)         [  0%] 0 of 60
[-        ] process > librarymergeResults            -
[fd/4b954d] process > summaryLibrary (31)            [ 98%] 59 of 60
[-        ] process > librarygetGNPSAnnotations      -
[04/f20d39] process > networkingGNPSPrepParams (1)   [100%] 1 of 1 ✔
[4d/321b90] process > calculatePairs (2)             [  0%] 0 of 4
[-        ] process > filterNetwork                  -
[cd/87c6d0] process > createMetadataFile             [100%] 1 of 1 ✔
[7e/4056af] process > calculateGroupings (1)         [100%] 1 of 1 ✔
[-        ] process > enrichClusterSummary           -
[-        ] process > createNetworkGraphML           -

executor >  local (130)
[8d/10e17f] process > filesummary (1)                [100%] 1 of 1 ✔
[fb/788aec] process > quantification_table_reform... [100%] 1 of 1 ✔
[bd/21bc7f] process > filter_spectra (1)             [100%] 1 of 1 ✔
[94/65155d] process > librarySearchData (52)         [  5%] 3 of 60
[-        ] process > librarymergeResults            -
[fd/4b954d] process > summaryLibrary (31)            [ 98%] 59 of 60
[-        ] process > librarygetGNPSAnnotations      -
[04/f20d39] process > networkingGNPSPrepParams (1)   [100%] 1 of 1 ✔
[4d/321b90] process > calculatePairs (2)             [  0%] 0 of 4
[-        ] process > filterNetwork                  -
[cd/87c6d0] process > createMetadataFile             [100%] 1 of 1 ✔
[7e/4056af] process > calculateGroupings (1)         [100%] 1 of 1 ✔
[-        ] process > enrichClusterSummary           -
[-        ] process > createNetworkGraphML           -

executor >  local (130)
[8d/10e17f] process > filesummary (1)                [100%] 1 of 1 ✔
[fb/788aec] process > quantification_table_reform... [100%] 1 of 1 ✔
[bd/21bc7f] process > filter_spectra (1)             [100%] 1 of 1 ✔
[e0/10dfae] process > librarySearchData (60)         [ 16%] 10 of 60
[-        ] process > librarymergeResults            -
[fd/4b954d] process > summaryLibrary (31)            [ 98%] 59 of 60
[-        ] process > librarygetGNPSAnnotations      -
[04/f20d39] process > networkingGNPSPrepParams (1)   [100%] 1 of 1 ✔
[4d/321b90] process > calculatePairs (2)             [  0%] 0 of 4
[-        ] process > filterNetwork                  -
[cd/87c6d0] process > createMetadataFile             [100%] 1 of 1 ✔
[7e/4056af] process > calculateGroupings (1)         [100%] 1 of 1 ✔
[-        ] process > enrichClusterSummary           -
[-        ] process > createNetworkGraphML           -

executor >  local (130)
[8d/10e17f] process > filesummary (1)                [100%] 1 of 1 ✔
[fb/788aec] process > quantification_table_reform... [100%] 1 of 1 ✔
[bd/21bc7f] process > filter_spectra (1)             [100%] 1 of 1 ✔
[80/271621] process > librarySearchData (14)         [ 26%] 16 of 60
[-        ] process > librarymergeResults            -
[fd/4b954d] process > summaryLibrary (31)            [ 98%] 59 of 60
[-        ] process > librarygetGNPSAnnotations      -
[04/f20d39] process > networkingGNPSPrepParams (1)   [100%] 1 of 1 ✔
[4d/321b90] process > calculatePairs (2)             [  0%] 0 of 4
[-        ] process > filterNetwork                  -
[cd/87c6d0] process > createMetadataFile             [100%] 1 of 1 ✔
[7e/4056af] process > calculateGroupings (1)         [100%] 1 of 1 ✔
[-        ] process > enrichClusterSummary           -
[-        ] process > createNetworkGraphML           -

executor >  local (130)
[8d/10e17f] process > filesummary (1)                [100%] 1 of 1 ✔
[fb/788aec] process > quantification_table_reform... [100%] 1 of 1 ✔
[bd/21bc7f] process > filter_spectra (1)             [100%] 1 of 1 ✔
[b5/2b0b2c] process > librarySearchData (4)          [ 40%] 24 of 60
[-        ] process > librarymergeResults            -
[fd/4b954d] process > summaryLibrary (31)            [ 98%] 59 of 60
[-        ] process > librarygetGNPSAnnotations      -
[04/f20d39] process > networkingGNPSPrepParams (1)   [100%] 1 of 1 ✔
[4d/321b90] process > calculatePairs (2)             [  0%] 0 of 4
[-        ] process > filterNetwork                  -
[cd/87c6d0] process > createMetadataFile             [100%] 1 of 1 ✔
[7e/4056af] process > calculateGroupings (1)         [100%] 1 of 1 ✔
[-        ] process > enrichClusterSummary           -
[-        ] process > createNetworkGraphML           -

executor >  local (130)
[8d/10e17f] process > filesummary (1)                [100%] 1 of 1 ✔
[fb/788aec] process > quantification_table_reform... [100%] 1 of 1 ✔
[bd/21bc7f] process > filter_spectra (1)             [100%] 1 of 1 ✔
[88/4e039f] process > librarySearchData (18)         [ 46%] 28 of 60
[-        ] process > librarymergeResults            -
[fd/4b954d] process > summaryLibrary (31)            [ 98%] 59 of 60
[-        ] process > librarygetGNPSAnnotations      -
[04/f20d39] process > networkingGNPSPrepParams (1)   [100%] 1 of 1 ✔
[4d/321b90] process > calculatePairs (2)             [  0%] 0 of 4
[-        ] process > filterNetwork                  -
[cd/87c6d0] process > createMetadataFile             [100%] 1 of 1 ✔
[7e/4056af] process > calculateGroupings (1)         [100%] 1 of 1 ✔
[-        ] process > enrichClusterSummary           -
[-        ] process > createNetworkGraphML           -

executor >  local (130)
[8d/10e17f] process > filesummary (1)                [100%] 1 of 1 ✔
[fb/788aec] process > quantification_table_reform... [100%] 1 of 1 ✔
[bd/21bc7f] process > filter_spectra (1)             [100%] 1 of 1 ✔
[bd/0c570b] process > librarySearchData (27)         [ 48%] 29 of 60
[-        ] process > librarymergeResults            -
[fd/4b954d] process > summaryLibrary (31)            [ 98%] 59 of 60
[-        ] process > librarygetGNPSAnnotations      -
[04/f20d39] process > networkingGNPSPrepParams (1)   [100%] 1 of 1 ✔
[4d/321b90] process > calculatePairs (2)             [  0%] 0 of 4
[-        ] process > filterNetwork                  -
[cd/87c6d0] process > createMetadataFile             [100%] 1 of 1 ✔
[7e/4056af] process > calculateGroupings (1)         [100%] 1 of 1 ✔
[-        ] process > enrichClusterSummary           -
[-        ] process > createNetworkGraphML           -

executor >  local (130)
[8d/10e17f] process > filesummary (1)                [100%] 1 of 1 ✔
[fb/788aec] process > quantification_table_reform... [100%] 1 of 1 ✔
[bd/21bc7f] process > filter_spectra (1)             [100%] 1 of 1 ✔
[1c/49c270] process > librarySearchData (26)         [ 56%] 34 of 60
[-        ] process > librarymergeResults            -
[fd/4b954d] process > summaryLibrary (31)            [ 98%] 59 of 60
[-        ] process > librarygetGNPSAnnotations      -
[04/f20d39] process > networkingGNPSPrepParams (1)   [100%] 1 of 1 ✔
[cb/9c3b73] process > calculatePairs (4)             [ 25%] 1 of 4
[-        ] process > filterNetwork                  -
[cd/87c6d0] process > createMetadataFile             [100%] 1 of 1 ✔
[7e/4056af] process > calculateGroupings (1)         [100%] 1 of 1 ✔
[-        ] process > enrichClusterSummary           -
[-        ] process > createNetworkGraphML           -

executor >  local (130)
[8d/10e17f] process > filesummary (1)                [100%] 1 of 1 ✔
[fb/788aec] process > quantification_table_reform... [100%] 1 of 1 ✔
[bd/21bc7f] process > filter_spectra (1)             [100%] 1 of 1 ✔
[1f/640cbf] process > librarySearchData (38)         [ 58%] 35 of 60
[-        ] process > librarymergeResults            -
[fd/4b954d] process > summaryLibrary (31)            [ 98%] 59 of 60
[-        ] process > librarygetGNPSAnnotations      -
[04/f20d39] process > networkingGNPSPrepParams (1)   [100%] 1 of 1 ✔
[cb/9c3b73] process > calculatePairs (4)             [ 25%] 1 of 4
[-        ] process > filterNetwork                  -
[cd/87c6d0] process > createMetadataFile             [100%] 1 of 1 ✔
[7e/4056af] process > calculateGroupings (1)         [100%] 1 of 1 ✔
[-        ] process > enrichClusterSummary           -
[-        ] process > createNetworkGraphML           -

executor >  local (130)
[8d/10e17f] process > filesummary (1)                [100%] 1 of 1 ✔
[fb/788aec] process > quantification_table_reform... [100%] 1 of 1 ✔
[bd/21bc7f] process > filter_spectra (1)             [100%] 1 of 1 ✔
[83/13b199] process > librarySearchData (23)         [ 60%] 36 of 60
[-        ] process > librarymergeResults            -
[7f/bfacb2] process > summaryLibrary (13)            [100%] 60 of 60 ✔
[-        ] process > librarygetGNPSAnnotations      -
[04/f20d39] process > networkingGNPSPrepParams (1)   [100%] 1 of 1 ✔
[cb/9c3b73] process > calculatePairs (4)             [ 25%] 1 of 4
[-        ] process > filterNetwork                  -
[cd/87c6d0] process > createMetadataFile             [100%] 1 of 1 ✔
[7e/4056af] process > calculateGroupings (1)         [100%] 1 of 1 ✔
[-        ] process > enrichClusterSummary           -
[-        ] process > createNetworkGraphML           -

executor >  local (130)
[8d/10e17f] process > filesummary (1)                [100%] 1 of 1 ✔
[fb/788aec] process > quantification_table_reform... [100%] 1 of 1 ✔
[bd/21bc7f] process > filter_spectra (1)             [100%] 1 of 1 ✔
[19/6b0967] process > librarySearchData (53)         [ 63%] 38 of 60
[-        ] process > librarymergeResults            -
[7f/bfacb2] process > summaryLibrary (13)            [100%] 60 of 60 ✔
[-        ] process > librarygetGNPSAnnotations      -
[04/f20d39] process > networkingGNPSPrepParams (1)   [100%] 1 of 1 ✔
[cb/9c3b73] process > calculatePairs (4)             [ 25%] 1 of 4
[-        ] process > filterNetwork                  -
[cd/87c6d0] process > createMetadataFile             [100%] 1 of 1 ✔
[7e/4056af] process > calculateGroupings (1)         [100%] 1 of 1 ✔
[-        ] process > enrichClusterSummary           -
[-        ] process > createNetworkGraphML           -

executor >  local (130)
[8d/10e17f] process > filesummary (1)                [100%] 1 of 1 ✔
[fb/788aec] process > quantification_table_reform... [100%] 1 of 1 ✔
[bd/21bc7f] process > filter_spectra (1)             [100%] 1 of 1 ✔
[03/4edeca] process > librarySearchData (40)         [ 65%] 39 of 60
[-        ] process > librarymergeResults            -
[7f/bfacb2] process > summaryLibrary (13)            [100%] 60 of 60 ✔
[-        ] process > librarygetGNPSAnnotations      -
[04/f20d39] process > networkingGNPSPrepParams (1)   [100%] 1 of 1 ✔
[cb/9c3b73] process > calculatePairs (4)             [ 25%] 1 of 4
[-        ] process > filterNetwork                  -
[cd/87c6d0] process > createMetadataFile             [100%] 1 of 1 ✔
[7e/4056af] process > calculateGroupings (1)         [100%] 1 of 1 ✔
[-        ] process > enrichClusterSummary           -
[-        ] process > createNetworkGraphML           -

executor >  local (130)
[8d/10e17f] process > filesummary (1)                [100%] 1 of 1 ✔
[fb/788aec] process > quantification_table_reform... [100%] 1 of 1 ✔
[bd/21bc7f] process > filter_spectra (1)             [100%] 1 of 1 ✔
[b1/f8b8b8] process > librarySearchData (32)         [ 66%] 40 of 60
[-        ] process > librarymergeResults            -
[7f/bfacb2] process > summaryLibrary (13)            [100%] 60 of 60 ✔
[-        ] process > librarygetGNPSAnnotations      -
[04/f20d39] process > networkingGNPSPrepParams (1)   [100%] 1 of 1 ✔
[cb/9c3b73] process > calculatePairs (4)             [ 25%] 1 of 4
[-        ] process > filterNetwork                  -
[cd/87c6d0] process > createMetadataFile             [100%] 1 of 1 ✔
[7e/4056af] process > calculateGroupings (1)         [100%] 1 of 1 ✔
[-        ] process > enrichClusterSummary           -
[-        ] process > createNetworkGraphML           -

executor >  local (130)
[8d/10e17f] process > filesummary (1)                [100%] 1 of 1 ✔
[fb/788aec] process > quantification_table_reform... [100%] 1 of 1 ✔
[bd/21bc7f] process > filter_spectra (1)             [100%] 1 of 1 ✔
[df/ff4920] process > librarySearchData (51)         [ 68%] 41 of 60
[-        ] process > librarymergeResults            -
[7f/bfacb2] process > summaryLibrary (13)            [100%] 60 of 60 ✔
[-        ] process > librarygetGNPSAnnotations      -
[04/f20d39] process > networkingGNPSPrepParams (1)   [100%] 1 of 1 ✔
[cb/9c3b73] process > calculatePairs (4)             [ 25%] 1 of 4
[-        ] process > filterNetwork                  -
[cd/87c6d0] process > createMetadataFile             [100%] 1 of 1 ✔
[7e/4056af] process > calculateGroupings (1)         [100%] 1 of 1 ✔
[-        ] process > enrichClusterSummary           -
[-        ] process > createNetworkGraphML           -

executor >  local (130)
[8d/10e17f] process > filesummary (1)                [100%] 1 of 1 ✔
[fb/788aec] process > quantification_table_reform... [100%] 1 of 1 ✔
[bd/21bc7f] process > filter_spectra (1)             [100%] 1 of 1 ✔
[84/8c1340] process > librarySearchData (7)          [ 70%] 42 of 60
[-        ] process > librarymergeResults            -
[7f/bfacb2] process > summaryLibrary (13)            [100%] 60 of 60 ✔
[-        ] process > librarygetGNPSAnnotations      -
[04/f20d39] process > networkingGNPSPrepParams (1)   [100%] 1 of 1 ✔
[cb/9c3b73] process > calculatePairs (4)             [ 25%] 1 of 4
[-        ] process > filterNetwork                  -
[cd/87c6d0] process > createMetadataFile             [100%] 1 of 1 ✔
[7e/4056af] process > calculateGroupings (1)         [100%] 1 of 1 ✔
[-        ] process > enrichClusterSummary           -
[-        ] process > createNetworkGraphML           -

executor >  local (130)
[8d/10e17f] process > filesummary (1)                [100%] 1 of 1 ✔
[fb/788aec] process > quantification_table_reform... [100%] 1 of 1 ✔
[bd/21bc7f] process > filter_spectra (1)             [100%] 1 of 1 ✔
[04/9778ff] process > librarySearchData (28)         [ 71%] 43 of 60
[-        ] process > librarymergeResults            -
[7f/bfacb2] process > summaryLibrary (13)            [100%] 60 of 60 ✔
[-        ] process > librarygetGNPSAnnotations      -
[04/f20d39] process > networkingGNPSPrepParams (1)   [100%] 1 of 1 ✔
[cb/9c3b73] process > calculatePairs (4)             [ 25%] 1 of 4
[-        ] process > filterNetwork                  -
[cd/87c6d0] process > createMetadataFile             [100%] 1 of 1 ✔
[7e/4056af] process > calculateGroupings (1)         [100%] 1 of 1 ✔
[-        ] process > enrichClusterSummary           -
[-        ] process > createNetworkGraphML           -

executor >  local (130)
[8d/10e17f] process > filesummary (1)                [100%] 1 of 1 ✔
[fb/788aec] process > quantification_table_reform... [100%] 1 of 1 ✔
[bd/21bc7f] process > filter_spectra (1)             [100%] 1 of 1 ✔
[80/573d46] process > librarySearchData (42)         [ 73%] 44 of 60
[-        ] process > librarymergeResults            -
[7f/bfacb2] process > summaryLibrary (13)            [100%] 60 of 60 ✔
[-        ] process > librarygetGNPSAnnotations      -
[04/f20d39] process > networkingGNPSPrepParams (1)   [100%] 1 of 1 ✔
[cb/9c3b73] process > calculatePairs (4)             [ 25%] 1 of 4
[-        ] process > filterNetwork                  -
[cd/87c6d0] process > createMetadataFile             [100%] 1 of 1 ✔
[7e/4056af] process > calculateGroupings (1)         [100%] 1 of 1 ✔
[-        ] process > enrichClusterSummary           -
[-        ] process > createNetworkGraphML           -

executor >  local (130)
[8d/10e17f] process > filesummary (1)                [100%] 1 of 1 ✔
[fb/788aec] process > quantification_table_reform... [100%] 1 of 1 ✔
[bd/21bc7f] process > filter_spectra (1)             [100%] 1 of 1 ✔
[04/579519] process > librarySearchData (54)         [ 75%] 45 of 60
[-        ] process > librarymergeResults            -
[7f/bfacb2] process > summaryLibrary (13)            [100%] 60 of 60 ✔
[-        ] process > librarygetGNPSAnnotations      -
[04/f20d39] process > networkingGNPSPrepParams (1)   [100%] 1 of 1 ✔
[4d/321b90] process > calculatePairs (2)             [ 50%] 2 of 4
[-        ] process > filterNetwork                  -
[cd/87c6d0] process > createMetadataFile             [100%] 1 of 1 ✔
[7e/4056af] process > calculateGroupings (1)         [100%] 1 of 1 ✔
[-        ] process > enrichClusterSummary           -
[-        ] process > createNetworkGraphML           -

executor >  local (130)
[8d/10e17f] process > filesummary (1)                [100%] 1 of 1 ✔
[fb/788aec] process > quantification_table_reform... [100%] 1 of 1 ✔
[bd/21bc7f] process > filter_spectra (1)             [100%] 1 of 1 ✔
[29/d9acec] process > librarySearchData (59)         [ 76%] 46 of 60
[-        ] process > librarymergeResults            -
[7f/bfacb2] process > summaryLibrary (13)            [100%] 60 of 60 ✔
[-        ] process > librarygetGNPSAnnotations      -
[04/f20d39] process > networkingGNPSPrepParams (1)   [100%] 1 of 1 ✔
[4d/321b90] process > calculatePairs (2)             [ 50%] 2 of 4
[-        ] process > filterNetwork                  -
[cd/87c6d0] process > createMetadataFile             [100%] 1 of 1 ✔
[7e/4056af] process > calculateGroupings (1)         [100%] 1 of 1 ✔
[-        ] process > enrichClusterSummary           -
[-        ] process > createNetworkGraphML           -

executor >  local (130)
[8d/10e17f] process > filesummary (1)                [100%] 1 of 1 ✔
[fb/788aec] process > quantification_table_reform... [100%] 1 of 1 ✔
[bd/21bc7f] process > filter_spectra (1)             [100%] 1 of 1 ✔
[e2/7c6ba5] process > librarySearchData (36)         [ 78%] 47 of 60
[-        ] process > librarymergeResults            -
[7f/bfacb2] process > summaryLibrary (13)            [100%] 60 of 60 ✔
[-        ] process > librarygetGNPSAnnotations      -
[04/f20d39] process > networkingGNPSPrepParams (1)   [100%] 1 of 1 ✔
[4d/321b90] process > calculatePairs (2)             [ 50%] 2 of 4
[-        ] process > filterNetwork                  -
[cd/87c6d0] process > createMetadataFile             [100%] 1 of 1 ✔
[7e/4056af] process > calculateGroupings (1)         [100%] 1 of 1 ✔
[-        ] process > enrichClusterSummary           -
[-        ] process > createNetworkGraphML           -

executor >  local (130)
[8d/10e17f] process > filesummary (1)                [100%] 1 of 1 ✔
[fb/788aec] process > quantification_table_reform... [100%] 1 of 1 ✔
[bd/21bc7f] process > filter_spectra (1)             [100%] 1 of 1 ✔
[e2/7c6ba5] process > librarySearchData (36)         [ 78%] 47 of 60
[-        ] process > librarymergeResults            -
[7f/bfacb2] process > summaryLibrary (13)            [100%] 60 of 60 ✔
[-        ] process > librarygetGNPSAnnotations      -
[04/f20d39] process > networkingGNPSPrepParams (1)   [100%] 1 of 1 ✔
[0a/2a1290] process > calculatePairs (3)             [ 75%] 3 of 4
[-        ] process > filterNetwork                  -
[cd/87c6d0] process > createMetadataFile             [100%] 1 of 1 ✔
[7e/4056af] process > calculateGroupings (1)         [100%] 1 of 1 ✔
[-        ] process > enrichClusterSummary           -
[-        ] process > createNetworkGraphML           -

executor >  local (130)
[8d/10e17f] process > filesummary (1)                [100%] 1 of 1 ✔
[fb/788aec] process > quantification_table_reform... [100%] 1 of 1 ✔
[bd/21bc7f] process > filter_spectra (1)             [100%] 1 of 1 ✔
[75/a93bf8] process > librarySearchData (3)          [ 80%] 48 of 60
[-        ] process > librarymergeResults            -
[7f/bfacb2] process > summaryLibrary (13)            [100%] 60 of 60 ✔
[-        ] process > librarygetGNPSAnnotations      -
[04/f20d39] process > networkingGNPSPrepParams (1)   [100%] 1 of 1 ✔
[0a/2a1290] process > calculatePairs (3)             [ 75%] 3 of 4
[-        ] process > filterNetwork                  -
[cd/87c6d0] process > createMetadataFile             [100%] 1 of 1 ✔
[7e/4056af] process > calculateGroupings (1)         [100%] 1 of 1 ✔
[-        ] process > enrichClusterSummary           -
[-        ] process > createNetworkGraphML           -

executor >  local (130)
[8d/10e17f] process > filesummary (1)                [100%] 1 of 1 ✔
[fb/788aec] process > quantification_table_reform... [100%] 1 of 1 ✔
[bd/21bc7f] process > filter_spectra (1)             [100%] 1 of 1 ✔
[c6/880505] process > librarySearchData (55)         [ 81%] 49 of 60
[-        ] process > librarymergeResults            -
[7f/bfacb2] process > summaryLibrary (13)            [100%] 60 of 60 ✔
[-        ] process > librarygetGNPSAnnotations      -
[04/f20d39] process > networkingGNPSPrepParams (1)   [100%] 1 of 1 ✔
[0a/2a1290] process > calculatePairs (3)             [ 75%] 3 of 4
[-        ] process > filterNetwork                  -
[cd/87c6d0] process > createMetadataFile             [100%] 1 of 1 ✔
[7e/4056af] process > calculateGroupings (1)         [100%] 1 of 1 ✔
[-        ] process > enrichClusterSummary           -
[-        ] process > createNetworkGraphML           -

executor >  local (131)
[8d/10e17f] process > filesummary (1)                [100%] 1 of 1 ✔
[fb/788aec] process > quantification_table_reform... [100%] 1 of 1 ✔
[bd/21bc7f] process > filter_spectra (1)             [100%] 1 of 1 ✔
[c6/880505] process > librarySearchData (55)         [ 81%] 49 of 60
[-        ] process > librarymergeResults            -
[7f/bfacb2] process > summaryLibrary (13)            [100%] 60 of 60 ✔
[-        ] process > librarygetGNPSAnnotations      -
[04/f20d39] process > networkingGNPSPrepParams (1)   [100%] 1 of 1 ✔
[ca/7da3dd] process > calculatePairs (1)             [100%] 4 of 4 ✔
[29/b57724] process > filterNetwork (1)              [  0%] 0 of 1
[cd/87c6d0] process > createMetadataFile             [100%] 1 of 1 ✔
[7e/4056af] process > calculateGroupings (1)         [100%] 1 of 1 ✔
[-        ] process > enrichClusterSummary           -
[-        ] process > createNetworkGraphML           -

executor >  local (131)
[8d/10e17f] process > filesummary (1)                [100%] 1 of 1 ✔
[fb/788aec] process > quantification_table_reform... [100%] 1 of 1 ✔
[bd/21bc7f] process > filter_spectra (1)             [100%] 1 of 1 ✔
[c6/880505] process > librarySearchData (55)         [ 81%] 49 of 60
[-        ] process > librarymergeResults            -
[7f/bfacb2] process > summaryLibrary (13)            [100%] 60 of 60 ✔
[-        ] process > librarygetGNPSAnnotations      -
[04/f20d39] process > networkingGNPSPrepParams (1)   [100%] 1 of 1 ✔
[ca/7da3dd] process > calculatePairs (1)             [100%] 4 of 4 ✔
[29/b57724] process > filterNetwork (1)              [  0%] 0 of 1
[cd/87c6d0] process > createMetadataFile             [100%] 1 of 1 ✔
[7e/4056af] process > calculateGroupings (1)         [100%] 1 of 1 ✔
[-        ] process > enrichClusterSummary           -
[-        ] process > createNetworkGraphML           -

executor >  local (131)
[8d/10e17f] process > filesummary (1)                [100%] 1 of 1 ✔
[fb/788aec] process > quantification_table_reform... [100%] 1 of 1 ✔
[bd/21bc7f] process > filter_spectra (1)             [100%] 1 of 1 ✔
[a0/4d02b8] process > librarySearchData (34)         [ 83%] 50 of 60
[-        ] process > librarymergeResults            -
[7f/bfacb2] process > summaryLibrary (13)            [100%] 60 of 60 ✔
[-        ] process > librarygetGNPSAnnotations      -
[04/f20d39] process > networkingGNPSPrepParams (1)   [100%] 1 of 1 ✔
[ca/7da3dd] process > calculatePairs (1)             [100%] 4 of 4 ✔
[29/b57724] process > filterNetwork (1)              [  0%] 0 of 1
[cd/87c6d0] process > createMetadataFile             [100%] 1 of 1 ✔
[7e/4056af] process > calculateGroupings (1)         [100%] 1 of 1 ✔
[-        ] process > enrichClusterSummary           -
[-        ] process > createNetworkGraphML           -

executor >  local (131)
[8d/10e17f] process > filesummary (1)                [100%] 1 of 1 ✔
[fb/788aec] process > quantification_table_reform... [100%] 1 of 1 ✔
[bd/21bc7f] process > filter_spectra (1)             [100%] 1 of 1 ✔
[a0/4d02b8] process > librarySearchData (34)         [ 83%] 50 of 60
[-        ] process > librarymergeResults            -
[7f/bfacb2] process > summaryLibrary (13)            [100%] 60 of 60 ✔
[-        ] process > librarygetGNPSAnnotations      -
[04/f20d39] process > networkingGNPSPrepParams (1)   [100%] 1 of 1 ✔
[ca/7da3dd] process > calculatePairs (1)             [100%] 4 of 4 ✔
[29/b57724] process > filterNetwork (1)              [100%] 1 of 1 ✔
[cd/87c6d0] process > createMetadataFile             [100%] 1 of 1 ✔
[7e/4056af] process > calculateGroupings (1)         [100%] 1 of 1 ✔
[-        ] process > enrichClusterSummary           -
[-        ] process > createNetworkGraphML           -

executor >  local (131)
[8d/10e17f] process > filesummary (1)                [100%] 1 of 1 ✔
[fb/788aec] process > quantification_table_reform... [100%] 1 of 1 ✔
[bd/21bc7f] process > filter_spectra (1)             [100%] 1 of 1 ✔
[3d/bec841] process > librarySearchData (43)         [ 85%] 51 of 60
[-        ] process > librarymergeResults            -
[7f/bfacb2] process > summaryLibrary (13)            [100%] 60 of 60 ✔
[-        ] process > librarygetGNPSAnnotations      -
[04/f20d39] process > networkingGNPSPrepParams (1)   [100%] 1 of 1 ✔
[ca/7da3dd] process > calculatePairs (1)             [100%] 4 of 4 ✔
[29/b57724] process > filterNetwork (1)              [100%] 1 of 1 ✔
[cd/87c6d0] process > createMetadataFile             [100%] 1 of 1 ✔
[7e/4056af] process > calculateGroupings (1)         [100%] 1 of 1 ✔
[-        ] process > enrichClusterSummary           -
[-        ] process > createNetworkGraphML           -

executor >  local (131)
[8d/10e17f] process > filesummary (1)                [100%] 1 of 1 ✔
[fb/788aec] process > quantification_table_reform... [100%] 1 of 1 ✔
[bd/21bc7f] process > filter_spectra (1)             [100%] 1 of 1 ✔
[e2/cf7e2a] process > librarySearchData (49)         [ 86%] 52 of 60
[-        ] process > librarymergeResults            -
[7f/bfacb2] process > summaryLibrary (13)            [100%] 60 of 60 ✔
[-        ] process > librarygetGNPSAnnotations      -
[04/f20d39] process > networkingGNPSPrepParams (1)   [100%] 1 of 1 ✔
[ca/7da3dd] process > calculatePairs (1)             [100%] 4 of 4 ✔
[29/b57724] process > filterNetwork (1)              [100%] 1 of 1 ✔
[cd/87c6d0] process > createMetadataFile             [100%] 1 of 1 ✔
[7e/4056af] process > calculateGroupings (1)         [100%] 1 of 1 ✔
[-        ] process > enrichClusterSummary           -
[-        ] process > createNetworkGraphML           -

executor >  local (131)
[8d/10e17f] process > filesummary (1)                [100%] 1 of 1 ✔
[fb/788aec] process > quantification_table_reform... [100%] 1 of 1 ✔
[bd/21bc7f] process > filter_spectra (1)             [100%] 1 of 1 ✔
[d8/d1e1dc] process > librarySearchData (20)         [ 88%] 53 of 60
[-        ] process > librarymergeResults            -
[7f/bfacb2] process > summaryLibrary (13)            [100%] 60 of 60 ✔
[-        ] process > librarygetGNPSAnnotations      -
[04/f20d39] process > networkingGNPSPrepParams (1)   [100%] 1 of 1 ✔
[ca/7da3dd] process > calculatePairs (1)             [100%] 4 of 4 ✔
[29/b57724] process > filterNetwork (1)              [100%] 1 of 1 ✔
[cd/87c6d0] process > createMetadataFile             [100%] 1 of 1 ✔
[7e/4056af] process > calculateGroupings (1)         [100%] 1 of 1 ✔
[-        ] process > enrichClusterSummary           -
[-        ] process > createNetworkGraphML           -

executor >  local (131)
[8d/10e17f] process > filesummary (1)                [100%] 1 of 1 ✔
[fb/788aec] process > quantification_table_reform... [100%] 1 of 1 ✔
[bd/21bc7f] process > filter_spectra (1)             [100%] 1 of 1 ✔
[1f/421e81] process > librarySearchData (31)         [ 91%] 55 of 60
[-        ] process > librarymergeResults            -
[7f/bfacb2] process > summaryLibrary (13)            [100%] 60 of 60 ✔
[-        ] process > librarygetGNPSAnnotations      -
[04/f20d39] process > networkingGNPSPrepParams (1)   [100%] 1 of 1 ✔
[ca/7da3dd] process > calculatePairs (1)             [100%] 4 of 4 ✔
[29/b57724] process > filterNetwork (1)              [100%] 1 of 1 ✔
[cd/87c6d0] process > createMetadataFile             [100%] 1 of 1 ✔
[7e/4056af] process > calculateGroupings (1)         [100%] 1 of 1 ✔
[-        ] process > enrichClusterSummary           -
[-        ] process > createNetworkGraphML           -

executor >  local (131)
[8d/10e17f] process > filesummary (1)                [100%] 1 of 1 ✔
[fb/788aec] process > quantification_table_reform... [100%] 1 of 1 ✔
[bd/21bc7f] process > filter_spectra (1)             [100%] 1 of 1 ✔
[ee/831d21] process > librarySearchData (9)          [ 93%] 56 of 60
[-        ] process > librarymergeResults            -
[7f/bfacb2] process > summaryLibrary (13)            [100%] 60 of 60 ✔
[-        ] process > librarygetGNPSAnnotations      -
[04/f20d39] process > networkingGNPSPrepParams (1)   [100%] 1 of 1 ✔
[ca/7da3dd] process > calculatePairs (1)             [100%] 4 of 4 ✔
[29/b57724] process > filterNetwork (1)              [100%] 1 of 1 ✔
[cd/87c6d0] process > createMetadataFile             [100%] 1 of 1 ✔
[7e/4056af] process > calculateGroupings (1)         [100%] 1 of 1 ✔
[-        ] process > enrichClusterSummary           -
[-        ] process > createNetworkGraphML           -

executor >  local (131)
[8d/10e17f] process > filesummary (1)                [100%] 1 of 1 ✔
[fb/788aec] process > quantification_table_reform... [100%] 1 of 1 ✔
[bd/21bc7f] process > filter_spectra (1)             [100%] 1 of 1 ✔
[63/ed3d62] process > librarySearchData (35)         [ 95%] 57 of 60
[-        ] process > librarymergeResults            -
[7f/bfacb2] process > summaryLibrary (13)            [100%] 60 of 60 ✔
[-        ] process > librarygetGNPSAnnotations      -
[04/f20d39] process > networkingGNPSPrepParams (1)   [100%] 1 of 1 ✔
[ca/7da3dd] process > calculatePairs (1)             [100%] 4 of 4 ✔
[29/b57724] process > filterNetwork (1)              [100%] 1 of 1 ✔
[cd/87c6d0] process > createMetadataFile             [100%] 1 of 1 ✔
[7e/4056af] process > calculateGroupings (1)         [100%] 1 of 1 ✔
[-        ] process > enrichClusterSummary           -
[-        ] process > createNetworkGraphML           -

executor >  local (131)
[8d/10e17f] process > filesummary (1)                [100%] 1 of 1 ✔
[fb/788aec] process > quantification_table_reform... [100%] 1 of 1 ✔
[bd/21bc7f] process > filter_spectra (1)             [100%] 1 of 1 ✔
[8e/a75fbd] process > librarySearchData (8)          [ 96%] 58 of 60
[-        ] process > librarymergeResults            -
[7f/bfacb2] process > summaryLibrary (13)            [100%] 60 of 60 ✔
[-        ] process > librarygetGNPSAnnotations      -
[04/f20d39] process > networkingGNPSPrepParams (1)   [100%] 1 of 1 ✔
[ca/7da3dd] process > calculatePairs (1)             [100%] 4 of 4 ✔
[29/b57724] process > filterNetwork (1)              [100%] 1 of 1 ✔
[cd/87c6d0] process > createMetadataFile             [100%] 1 of 1 ✔
[7e/4056af] process > calculateGroupings (1)         [100%] 1 of 1 ✔
[-        ] process > enrichClusterSummary           -
[-        ] process > createNetworkGraphML           -

executor >  local (131)
[8d/10e17f] process > filesummary (1)                [100%] 1 of 1 ✔
[fb/788aec] process > quantification_table_reform... [100%] 1 of 1 ✔
[bd/21bc7f] process > filter_spectra (1)             [100%] 1 of 1 ✔
[3c/320b78] process > librarySearchData (30)         [ 98%] 59 of 60
[-        ] process > librarymergeResults            -
[7f/bfacb2] process > summaryLibrary (13)            [100%] 60 of 60 ✔
[-        ] process > librarygetGNPSAnnotations      -
[04/f20d39] process > networkingGNPSPrepParams (1)   [100%] 1 of 1 ✔
[ca/7da3dd] process > calculatePairs (1)             [100%] 4 of 4 ✔
[29/b57724] process > filterNetwork (1)              [100%] 1 of 1 ✔
[cd/87c6d0] process > createMetadataFile             [100%] 1 of 1 ✔
[7e/4056af] process > calculateGroupings (1)         [100%] 1 of 1 ✔
[-        ] process > enrichClusterSummary           -
[-        ] process > createNetworkGraphML           -

executor >  local (132)
[8d/10e17f] process > filesummary (1)                [100%] 1 of 1 ✔
[fb/788aec] process > quantification_table_reform... [100%] 1 of 1 ✔
[bd/21bc7f] process > filter_spectra (1)             [100%] 1 of 1 ✔
[4a/d22214] process > librarySearchData (13)         [100%] 60 of 60 ✔
[76/70e7b4] process > librarymergeResults            [  0%] 0 of 1
[7f/bfacb2] process > summaryLibrary (13)            [100%] 60 of 60 ✔
[-        ] process > librarygetGNPSAnnotations      -
[04/f20d39] process > networkingGNPSPrepParams (1)   [100%] 1 of 1 ✔
[ca/7da3dd] process > calculatePairs (1)             [100%] 4 of 4 ✔
[29/b57724] process > filterNetwork (1)              [100%] 1 of 1 ✔
[cd/87c6d0] process > createMetadataFile             [100%] 1 of 1 ✔
[7e/4056af] process > calculateGroupings (1)         [100%] 1 of 1 ✔
[-        ] process > enrichClusterSummary           -
[-        ] process > createNetworkGraphML           -

executor >  local (132)
[8d/10e17f] process > filesummary (1)                [100%] 1 of 1 ✔
[fb/788aec] process > quantification_table_reform... [100%] 1 of 1 ✔
[bd/21bc7f] process > filter_spectra (1)             [100%] 1 of 1 ✔
[4a/d22214] process > librarySearchData (13)         [100%] 60 of 60 ✔
[76/70e7b4] process > librarymergeResults            [  0%] 0 of 1
[7f/bfacb2] process > summaryLibrary (13)            [100%] 60 of 60 ✔
[-        ] process > librarygetGNPSAnnotations      -
[04/f20d39] process > networkingGNPSPrepParams (1)   [100%] 1 of 1 ✔
[ca/7da3dd] process > calculatePairs (1)             [100%] 4 of 4 ✔
[29/b57724] process > filterNetwork (1)              [100%] 1 of 1 ✔
[cd/87c6d0] process > createMetadataFile             [100%] 1 of 1 ✔
[7e/4056af] process > calculateGroupings (1)         [100%] 1 of 1 ✔
[-        ] process > enrichClusterSummary           -
[-        ] process > createNetworkGraphML           -

executor >  local (133)
[8d/10e17f] process > filesummary (1)                [100%] 1 of 1 ✔
[fb/788aec] process > quantification_table_reform... [100%] 1 of 1 ✔
[bd/21bc7f] process > filter_spectra (1)             [100%] 1 of 1 ✔
[4a/d22214] process > librarySearchData (13)         [100%] 60 of 60 ✔
[76/70e7b4] process > librarymergeResults            [100%] 1 of 1 ✔
[7f/bfacb2] process > summaryLibrary (13)            [100%] 60 of 60 ✔
[b0/751131] process > librarygetGNPSAnnotations (1)  [  0%] 0 of 1
[04/f20d39] process > networkingGNPSPrepParams (1)   [100%] 1 of 1 ✔
[ca/7da3dd] process > calculatePairs (1)             [100%] 4 of 4 ✔
[29/b57724] process > filterNetwork (1)              [100%] 1 of 1 ✔
[cd/87c6d0] process > createMetadataFile             [100%] 1 of 1 ✔
[7e/4056af] process > calculateGroupings (1)         [100%] 1 of 1 ✔
[-        ] process > enrichClusterSummary           -
[-        ] process > createNetworkGraphML           -

executor >  local (134)
[8d/10e17f] process > filesummary (1)                [100%] 1 of 1 ✔
[fb/788aec] process > quantification_table_reform... [100%] 1 of 1 ✔
[bd/21bc7f] process > filter_spectra (1)             [100%] 1 of 1 ✔
[4a/d22214] process > librarySearchData (13)         [100%] 60 of 60 ✔
[76/70e7b4] process > librarymergeResults            [100%] 1 of 1 ✔
[7f/bfacb2] process > summaryLibrary (13)            [100%] 60 of 60 ✔
[b0/751131] process > librarygetGNPSAnnotations (1)  [100%] 1 of 1 ✔
[04/f20d39] process > networkingGNPSPrepParams (1)   [100%] 1 of 1 ✔
[ca/7da3dd] process > calculatePairs (1)             [100%] 4 of 4 ✔
[29/b57724] process > filterNetwork (1)              [100%] 1 of 1 ✔
[cd/87c6d0] process > createMetadataFile             [100%] 1 of 1 ✔
[7e/4056af] process > calculateGroupings (1)         [100%] 1 of 1 ✔
[f5/722a1f] process > enrichClusterSummary (1)       [  0%] 0 of 1
[-        ] process > createNetworkGraphML           -

executor >  local (135)
[8d/10e17f] process > filesummary (1)                [100%] 1 of 1 ✔
[fb/788aec] process > quantification_table_reform... [100%] 1 of 1 ✔
[bd/21bc7f] process > filter_spectra (1)             [100%] 1 of 1 ✔
[4a/d22214] process > librarySearchData (13)         [100%] 60 of 60 ✔
[76/70e7b4] process > librarymergeResults            [100%] 1 of 1 ✔
[7f/bfacb2] process > summaryLibrary (13)            [100%] 60 of 60 ✔
[b0/751131] process > librarygetGNPSAnnotations (1)  [100%] 1 of 1 ✔
[04/f20d39] process > networkingGNPSPrepParams (1)   [100%] 1 of 1 ✔
[ca/7da3dd] process > calculatePairs (1)             [100%] 4 of 4 ✔
[29/b57724] process > filterNetwork (1)              [100%] 1 of 1 ✔
[cd/87c6d0] process > createMetadataFile             [100%] 1 of 1 ✔
[7e/4056af] process > calculateGroupings (1)         [100%] 1 of 1 ✔
[f5/722a1f] process > enrichClusterSummary (1)       [100%] 1 of 1 ✔
[ef/487c4c] process > createNetworkGraphML (1)       [  0%] 0 of 1

executor >  local (135)
[8d/10e17f] process > filesummary (1)                [100%] 1 of 1 ✔
[fb/788aec] process > quantification_table_reform... [100%] 1 of 1 ✔
[bd/21bc7f] process > filter_spectra (1)             [100%] 1 of 1 ✔
[4a/d22214] process > librarySearchData (13)         [100%] 60 of 60 ✔
[76/70e7b4] process > librarymergeResults            [100%] 1 of 1 ✔
[7f/bfacb2] process > summaryLibrary (13)            [100%] 60 of 60 ✔
[b0/751131] process > librarygetGNPSAnnotations (1)  [100%] 1 of 1 ✔
[04/f20d39] process > networkingGNPSPrepParams (1)   [100%] 1 of 1 ✔
[ca/7da3dd] process > calculatePairs (1)             [100%] 4 of 4 ✔
[29/b57724] process > filterNetwork (1)              [100%] 1 of 1 ✔
[cd/87c6d0] process > createMetadataFile             [100%] 1 of 1 ✔
[7e/4056af] process > calculateGroupings (1)         [100%] 1 of 1 ✔
[f5/722a1f] process > enrichClusterSummary (1)       [100%] 1 of 1 ✔
[ef/487c4c] process > createNetworkGraphML (1)       [100%] 1 of 1 ✔

executor >  local (135)
[8d/10e17f] process > filesummary (1)                [100%] 1 of 1 ✔
[fb/788aec] process > quantification_table_reform... [100%] 1 of 1 ✔
[bd/21bc7f] process > filter_spectra (1)             [100%] 1 of 1 ✔
[4a/d22214] process > librarySearchData (13)         [100%] 60 of 60 ✔
[76/70e7b4] process > librarymergeResults            [100%] 1 of 1 ✔
[7f/bfacb2] process > summaryLibrary (13)            [100%] 60 of 60 ✔
[b0/751131] process > librarygetGNPSAnnotations (1)  [100%] 1 of 1 ✔
[04/f20d39] process > networkingGNPSPrepParams (1)   [100%] 1 of 1 ✔
[ca/7da3dd] process > calculatePairs (1)             [100%] 4 of 4 ✔
[29/b57724] process > filterNetwork (1)              [100%] 1 of 1 ✔
[cd/87c6d0] process > createMetadataFile             [100%] 1 of 1 ✔
[7e/4056af] process > calculateGroupings (1)         [100%] 1 of 1 ✔
[f5/722a1f] process > enrichClusterSummary (1)       [100%] 1 of 1 ✔
[ef/487c4c] process > createNetworkGraphML (1)       [100%] 1 of 1 ✔
Completed at: 15-May-2024 04:21:42
Duration    : 5m 44s
CPU hours   : 0.3
Succeeded   : 135


